2020-01-09 14:45:40,550 [main] INFO  c.l.sb.chapter1.ApplicationJunitTest 50 - Starting ApplicationJunitTest on SI-GZ-1134 with PID 20700 (started by 10002614 in D:\IdeaProjects\springboot\chapter1)
2020-01-09 14:45:40,553 [main] INFO  c.l.sb.chapter1.ApplicationJunitTest 656 - The following profiles are active: local,common-local,mq-local,redis-local
2020-01-09 14:45:40,683 [main] INFO  o.s.w.c.s.GenericWebApplicationContext 589 - Refreshing org.springframework.web.context.support.GenericWebApplicationContext@298d9a05: startup date [Thu Jan 09 14:45:40 CST 2020]; root of context hierarchy
2020-01-09 14:45:42,263 [main] INFO  o.s.d.r.c.RepositoryConfigurationDelegate 163 - Multiple Spring Data modules found, entering strict repository configuration mode!
2020-01-09 14:45:43,430 [main] INFO  o.s.c.s.PostProcessorRegistrationDelegate$BeanPostProcessorChecker 328 - Bean 'mySchedulingConfig' of type [com.linfengda.sb.chapter1.common.config.MySchedulingConfig$$EnhancerBySpringCGLIB$$4ac1060c] is not eligible for getting processed by all BeanPostProcessors (for example: not eligible for auto-proxying)
2020-01-09 14:45:43,682 [main] INFO  o.s.c.s.PostProcessorRegistrationDelegate$BeanPostProcessorChecker 328 - Bean 'org.springframework.amqp.rabbit.annotation.RabbitBootstrapConfiguration' of type [org.springframework.amqp.rabbit.annotation.RabbitBootstrapConfiguration$$EnhancerBySpringCGLIB$$bd2f176a] is not eligible for getting processed by all BeanPostProcessors (for example: not eligible for auto-proxying)
2020-01-09 14:45:44,014 [main] INFO  o.s.c.s.PostProcessorRegistrationDelegate$BeanPostProcessorChecker 328 - Bean 'org.springframework.transaction.annotation.ProxyTransactionManagementConfiguration' of type [org.springframework.transaction.annotation.ProxyTransactionManagementConfiguration$$EnhancerBySpringCGLIB$$f6c3593c] is not eligible for getting processed by all BeanPostProcessors (for example: not eligible for auto-proxying)
2020-01-09 14:45:45,095 [main] INFO  c.l.s.c.c.c.HikariDataSourceConfig 73 - creating dataSource... dataBase Url:jdbc:mysql://127.0.0.1:3306/spring_boot_db?useSSL=false&useUnicode=yes&characterEncoding=UTF-8&autoReconnect=true
2020-01-09 14:45:45,108 [main] INFO  com.zaxxer.hikari.HikariDataSource 80 - HikariPool - Starting...
2020-01-09 14:45:45,576 [main] INFO  com.zaxxer.hikari.HikariDataSource 82 - HikariPool - Start completed.
2020-01-09 14:45:46,850 [main] INFO  o.s.s.c.ThreadPoolTaskExecutor 168 - Initializing ExecutorService 
2020-01-09 14:45:46,883 [main] INFO  o.s.s.c.ThreadPoolTaskExecutor 168 - Initializing ExecutorService  'myExecutorPool'
2020-01-09 14:45:46,924 [main] INFO  o.s.s.c.ThreadPoolTaskExecutor 168 - Initializing ExecutorService 
2020-01-09 14:45:46,925 [main] INFO  o.s.s.c.ThreadPoolTaskExecutor 168 - Initializing ExecutorService  'myCallerRunsPool'
2020-01-09 14:45:46,954 [main] INFO  o.s.s.c.ThreadPoolTaskScheduler 168 - Initializing ExecutorService  'taskScheduler'
2020-01-09 14:45:49,811 [main] INFO  o.s.w.s.m.m.a.RequestMappingHandlerAdapter 567 - Looking for @ControllerAdvice: org.springframework.web.context.support.GenericWebApplicationContext@298d9a05: startup date [Thu Jan 09 14:45:40 CST 2020]; root of context hierarchy
2020-01-09 14:45:50,063 [main] INFO  o.s.w.s.m.m.a.RequestMappingHandlerMapping 548 - Mapped "{[/pc/sys/getUserInfo],methods=[POST]}" onto public com.linfengda.sb.chapter1.common.api.entity.Result com.linfengda.sb.chapter1.system.api.SystemController.getUserInfo(java.lang.Long) throws java.lang.Exception
2020-01-09 14:45:50,074 [main] INFO  o.s.w.s.m.m.a.RequestMappingHandlerMapping 548 - Mapped "{[/pc/sys/test],methods=[POST]}" onto public com.linfengda.sb.chapter1.common.api.entity.Result com.linfengda.sb.chapter1.system.api.SystemController.test(java.util.List,java.lang.Integer) throws java.lang.Exception
2020-01-09 14:45:50,077 [main] INFO  o.s.w.s.m.m.a.RequestMappingHandlerMapping 548 - Mapped "{[/pc/sys/pageUserList],methods=[POST]}" onto public com.linfengda.sb.chapter1.common.api.entity.Result com.linfengda.sb.chapter1.system.api.SystemController.pageUserList(com.linfengda.sb.chapter1.system.entity.dto.UserPageQueryDTO) throws java.lang.Exception
2020-01-09 14:45:50,082 [main] INFO  o.s.w.s.m.m.a.RequestMappingHandlerMapping 548 - Mapped "{[/pc/sys/updateUser],methods=[POST]}" onto public com.linfengda.sb.chapter1.common.api.entity.Result com.linfengda.sb.chapter1.system.api.SystemController.updateUser(com.linfengda.sb.chapter1.system.entity.dto.UserDTO) throws java.lang.Exception
2020-01-09 14:45:50,092 [main] INFO  o.s.w.s.m.m.a.RequestMappingHandlerMapping 548 - Mapped "{[/error]}" onto public org.springframework.http.ResponseEntity<java.util.Map<java.lang.String, java.lang.Object>> org.springframework.boot.autoconfigure.web.servlet.error.BasicErrorController.error(javax.servlet.http.HttpServletRequest)
2020-01-09 14:45:50,096 [main] INFO  o.s.w.s.m.m.a.RequestMappingHandlerMapping 548 - Mapped "{[/error],produces=[text/html]}" onto public org.springframework.web.servlet.ModelAndView org.springframework.boot.autoconfigure.web.servlet.error.BasicErrorController.errorHtml(javax.servlet.http.HttpServletRequest,javax.servlet.http.HttpServletResponse)
2020-01-09 14:45:50,402 [main] INFO  o.s.w.s.h.SimpleUrlHandlerMapping 373 - Mapped URL path [/webjars/**] onto handler of type [class org.springframework.web.servlet.resource.ResourceHttpRequestHandler]
2020-01-09 14:45:50,403 [main] INFO  o.s.w.s.h.SimpleUrlHandlerMapping 373 - Mapped URL path [/**] onto handler of type [class org.springframework.web.servlet.resource.ResourceHttpRequestHandler]
2020-01-09 14:45:50,461 [main] INFO  o.s.w.s.m.m.a.ExceptionHandlerExceptionResolver 289 - Detected @ExceptionHandler methods in myGlobalExceptionHandler
2020-01-09 14:45:50,568 [main] INFO  o.s.w.s.h.SimpleUrlHandlerMapping 373 - Mapped URL path [/**/favicon.ico] onto handler of type [class org.springframework.web.servlet.resource.ResourceHttpRequestHandler]
2020-01-09 14:45:52,893 [main] INFO  o.s.c.s.DefaultLifecycleProcessor 351 - Starting beans in phase 2147483647
2020-01-09 14:45:52,915 [main] INFO  c.l.sb.chapter1.ApplicationJunitTest 59 - Started ApplicationJunitTest in 13.879 seconds (JVM running for 17.273)
2020-01-09 14:45:53,005 [main] INFO  o.s.t.c.t.TransactionContext 105 - Began transaction (1) for test context [DefaultTestContext@2dca0d64 testClass = ApplicationJunitTest, testInstance = com.linfengda.sb.chapter1.MyJunitTest@21ffc00e, testMethod = test01@ApplicationJunitTest, testException = [null], mergedContextConfiguration = [WebMergedContextConfiguration@f80945f testClass = ApplicationJunitTest, locations = '{}', classes = '{class com.linfengda.sb.chapter1.Chapter1Application, class com.linfengda.sb.chapter1.Chapter1Application}', contextInitializerClasses = '[]', activeProfiles = '{}', propertySourceLocations = '{}', propertySourceProperties = '{org.springframework.boot.test.context.SpringBootTestContextBootstrapper=true}', contextCustomizers = set[org.springframework.boot.test.context.filter.ExcludeFilterContextCustomizer@45ca843, org.springframework.boot.test.json.DuplicateJsonObjectContextCustomizerFactory$DuplicateJsonObjectContextCustomizer@36b4fe2a, org.springframework.boot.test.mock.mockito.MockitoContextCustomizer@0, org.springframework.boot.test.web.client.TestRestTemplateContextCustomizer@6c779568, org.springframework.boot.test.autoconfigure.properties.PropertyMappingContextCustomizer@0, org.springframework.boot.test.autoconfigure.web.servlet.WebDriverContextCustomizerFactory$Customizer@865dd6], resourceBasePath = 'src/main/webapp', contextLoader = 'org.springframework.boot.test.context.SpringBootContextLoader', parent = [null]], attributes = map['org.springframework.test.context.web.ServletTestExecutionListener.activateListener' -> true, 'org.springframework.test.context.web.ServletTestExecutionListener.populatedRequestContextHolder' -> true, 'org.springframework.test.context.web.ServletTestExecutionListener.resetRequestContextHolder' -> true]]; transaction manager [org.springframework.jdbc.datasource.DataSourceTransactionManager@681b42d3]; rollback [false]
2020-01-09 14:45:53,203 [main] INFO  c.l.sb.chapter1.ApplicationJunitTest 33 - 初始化bean...
2020-01-09 14:45:56,738 [main] INFO  c.l.s.s.d.s.PreStatementSqlHandler 41 - sql:INSERT INTO sys_user(user_id,user_name,phone,password,status,create_user,create_time,update_user,update_time,version,is_delete) VALUES(?,?,?,?,?,?,?,?,?,?,?);,use time:42ms,affected record:1
2020-01-09 14:45:56,755 [main] INFO  o.s.t.c.t.TransactionContext 137 - Committed transaction for test context [DefaultTestContext@2dca0d64 testClass = ApplicationJunitTest, testInstance = com.linfengda.sb.chapter1.MyJunitTest@21ffc00e, testMethod = test01@ApplicationJunitTest, testException = [null], mergedContextConfiguration = [WebMergedContextConfiguration@f80945f testClass = ApplicationJunitTest, locations = '{}', classes = '{class com.linfengda.sb.chapter1.Chapter1Application, class com.linfengda.sb.chapter1.Chapter1Application}', contextInitializerClasses = '[]', activeProfiles = '{}', propertySourceLocations = '{}', propertySourceProperties = '{org.springframework.boot.test.context.SpringBootTestContextBootstrapper=true}', contextCustomizers = set[org.springframework.boot.test.context.filter.ExcludeFilterContextCustomizer@45ca843, org.springframework.boot.test.json.DuplicateJsonObjectContextCustomizerFactory$DuplicateJsonObjectContextCustomizer@36b4fe2a, org.springframework.boot.test.mock.mockito.MockitoContextCustomizer@0, org.springframework.boot.test.web.client.TestRestTemplateContextCustomizer@6c779568, org.springframework.boot.test.autoconfigure.properties.PropertyMappingContextCustomizer@0, org.springframework.boot.test.autoconfigure.web.servlet.WebDriverContextCustomizerFactory$Customizer@865dd6], resourceBasePath = 'src/main/webapp', contextLoader = 'org.springframework.boot.test.context.SpringBootContextLoader', parent = [null]], attributes = map['org.springframework.test.context.web.ServletTestExecutionListener.activateListener' -> true, 'org.springframework.test.context.web.ServletTestExecutionListener.populatedRequestContextHolder' -> true, 'org.springframework.test.context.web.ServletTestExecutionListener.resetRequestContextHolder' -> true]].
2020-01-09 14:45:56,761 [Thread-2] INFO  o.s.w.c.s.GenericWebApplicationContext 989 - Closing org.springframework.web.context.support.GenericWebApplicationContext@298d9a05: startup date [Thu Jan 09 14:45:40 CST 2020]; root of context hierarchy
2020-01-09 14:45:56,764 [Thread-2] INFO  o.s.c.s.DefaultLifecycleProcessor 366 - Stopping beans in phase 2147483647
2020-01-09 14:45:56,764 [Thread-2] INFO  o.s.c.s.DefaultLifecycleProcessor 366 - Stopping beans in phase 0
2020-01-09 14:45:56,789 [Thread-2] INFO  o.s.s.c.ThreadPoolTaskScheduler 205 - Shutting down ExecutorService 'taskScheduler'
2020-01-09 14:45:56,789 [Thread-2] INFO  o.s.s.c.ThreadPoolTaskScheduler 205 - Shutting down ExecutorService 'taskScheduler'
2020-01-09 14:45:56,789 [Thread-2] INFO  o.s.s.c.ThreadPoolTaskExecutor 205 - Shutting down ExecutorService 'myCallerRunsPool'
2020-01-09 14:45:56,790 [Thread-2] INFO  o.s.s.c.ThreadPoolTaskExecutor 205 - Shutting down ExecutorService 'myExecutorPool'
2020-01-09 14:45:56,790 [Thread-2] INFO  com.zaxxer.hikari.HikariDataSource 381 - HikariPool - Shutdown initiated...
2020-01-09 14:45:56,815 [Thread-2] INFO  com.zaxxer.hikari.HikariDataSource 383 - HikariPool - Shutdown completed.
